<?xml version="1.0" encoding="UTF-8"?>
<testsuite xmlns:xsi="http://www.w3.org/2001/XMLSchema-instance" xsi:noNamespaceSchemaLocation="https://maven.apache.org/surefire/maven-surefire-plugin/xsd/surefire-test-report.xsd" version="3.0.2" name="OrderTests" time="0.657" tests="4" errors="0" skipped="0" failures="0">
  <properties>
[...]
</properties>
  <testcase name="shouldReturnTrekNumber[0]" classname="OrderTests" time="0.18"/>
  <testcase name="shouldReturnTrekNumber[1]" classname="OrderTests" time="0.118"/>
  <testcase name="shouldReturnTrekNumber[2]" classname="OrderTests" time="0.173"/>
  <testcase name="shouldReturnTrekNumber[3]" classname="OrderTests" time="0.155"/>
</testsuite>